Using pre-set license
Built from '2020.3/staging' branch; Version is '2020.3.4f1 (0abb6314276a) revision 703331'; Using compiler version '192528614'; Build Type 'Release'
OS: 'Windows 10 Home; OS build 19042.985; Version 2009; 64bit' Language: 'nl' Physical Memory: 32607 MB
BatchMode: 1, IsHumanControllingUs: 0, StartBugReporterOnCrash: 0, Is64bit: 1, IsPro: 0

 COMMAND LINE ARGUMENTS:
C:\Program Files\Unity\Hub\Editor\2020.3.4f1\Editor\Unity.exe
-adb2
-batchMode
-noUpm
-name
AssetImportWorker0
-projectPath
C:/Users/sarah/Documents/Github/3D_GameProgramming_Project/3D_Project
-logFile
Logs/AssetImportWorker0.log
-srvPort
53487
Successfully changed project path to: C:/Users/sarah/Documents/Github/3D_GameProgramming_Project/3D_Project
C:/Users/sarah/Documents/Github/3D_GameProgramming_Project/3D_Project
Using Asset Import Pipeline V2.
Refreshing native plugins compatible for Editor in 23.69 ms, found 0 plugins.
Preloading 0 native plugins for Editor in 0.00 ms.
Initialize engine version: 2020.3.4f1 (0abb6314276a)
[Subsystems] Discovering subsystems at path C:/Program Files/Unity/Hub/Editor/2020.3.4f1/Editor/Data/Resources/UnitySubsystems
[Subsystems] Discovering subsystems at path C:/Users/sarah/Documents/Github/3D_GameProgramming_Project/3D_Project/Assets
GfxDevice: creating device client; threaded=0
Direct3D:
    Version:  Direct3D 11.0 [level 11.1]
    Renderer: NVIDIA GeForce RTX 2060 (ID=0x1f11)
    Vendor:   
    VRAM:     5980 MB
    Driver:   26.21.14.4137
Initialize mono
Mono path[0] = 'C:/Program Files/Unity/Hub/Editor/2020.3.4f1/Editor/Data/Managed'
Mono path[1] = 'C:/Program Files/Unity/Hub/Editor/2020.3.4f1/Editor/Data/MonoBleedingEdge/lib/mono/unityjit'
Mono config path = 'C:/Program Files/Unity/Hub/Editor/2020.3.4f1/Editor/Data/MonoBleedingEdge/etc'
Using monoOptions --debugger-agent=transport=dt_socket,embedding=1,server=y,suspend=n,address=127.0.0.1:56760
Begin MonoManager ReloadAssembly
Registering precompiled unity dll's ...
Register platform support module: C:/Program Files/Unity/Hub/Editor/2020.3.4f1/Editor/Data/PlaybackEngines/WebGLSupport/UnityEditor.WebGL.Extensions.dll
Register platform support module: C:/Program Files/Unity/Hub/Editor/2020.3.4f1/Editor/Data/PlaybackEngines/WindowsStandaloneSupport/UnityEditor.WindowsStandalone.Extensions.dll
Registered in 0.002699 seconds.
Native extension for WindowsStandalone target not found
Native extension for WebGL target not found
Refreshing native plugins compatible for Editor in 22.83 ms, found 0 plugins.
Preloading 0 native plugins for Editor in 0.00 ms.
Mono: successfully reloaded assembly
- Completed reload, in  1.329 seconds
Platform modules already initialized, skipping
Registering precompiled user dll's ...
Registered in 0.000798 seconds.
Begin MonoManager ReloadAssembly
Native extension for WindowsStandalone target not found
Native extension for WebGL target not found
Refreshing native plugins compatible for Editor in 0.18 ms, found 0 plugins.
Preloading 0 native plugins for Editor in 0.00 ms.
Mono: successfully reloaded assembly
- Completed reload, in  0.848 seconds
Platform modules already initialized, skipping
========================================================================
Worker process is ready to serve import requests
Launched and connected shader compiler UnityShaderCompiler.exe after 0.05 seconds
Refreshing native plugins compatible for Editor in 0.19 ms, found 0 plugins.
Preloading 0 native plugins for Editor in 0.00 ms.
Unloading 1115 Unused Serialized files (Serialized files now loaded: 0)
System memory in use before: 57.1 MB.
System memory in use after: 57.1 MB.

Unloading 10 unused Assets to reduce memory usage. Loaded Objects now: 1557.
Total: 1.760200 ms (FindLiveObjects: 0.118600 ms CreateObjectMapping: 0.036400 ms MarkObjects: 1.530200 ms  DeleteObjects: 0.074100 ms)

========================================================================
Received Import Request.
  path: Assets/Scenes
  artifactKey: Guid(954eb03fdd126ea41b9d73dbe000b0fa) Importer(815301076,1909f56bfc062723c751e8b465ee728b)
Start importing Assets/Scenes using Guid(954eb03fdd126ea41b9d73dbe000b0fa) Importer(815301076,1909f56bfc062723c751e8b465ee728b)  -> (artifact id: '248c392fc22af3109e788b4e8aa7f740') in 0.007709 seconds
  Import took 0.009566 seconds .

========================================================================
Received Import Request.
  Time since last request: 62.644434 seconds.
  path: Assets/Scenes/moo,n.unity
  artifactKey: Guid(176819a1503e17348886b22131ae7f29) Importer(815301076,1909f56bfc062723c751e8b465ee728b)
Start importing Assets/Scenes/moo,n.unity using Guid(176819a1503e17348886b22131ae7f29) Importer(815301076,1909f56bfc062723c751e8b465ee728b)  -> (artifact id: '43b316a10590858429473828fe4e1dfa') in 0.014332 seconds
  Import took 0.016771 seconds .

========================================================================
Received Import Request.
  Time since last request: 0.001169 seconds.
  path: Assets/Scenes/moo,n.unity
  artifactKey: Guid(176819a1503e17348886b22131ae7f29) Importer(815301076,1909f56bfc062723c751e8b465ee728b)
Start importing Assets/Scenes/moo,n.unity using Guid(176819a1503e17348886b22131ae7f29) Importer(815301076,1909f56bfc062723c751e8b465ee728b)  -> (artifact id: '43b316a10590858429473828fe4e1dfa') in 0.002072 seconds
  Import took 0.004215 seconds .

========================================================================
Received Import Request.
  Time since last request: 4.827081 seconds.
  path: Assets/Scenes/moon.unity
  artifactKey: Guid(fb8c19a84e11a7c4fac0131074e77286) Importer(815301076,1909f56bfc062723c751e8b465ee728b)
Start importing Assets/Scenes/moon.unity using Guid(fb8c19a84e11a7c4fac0131074e77286) Importer(815301076,1909f56bfc062723c751e8b465ee728b)  -> (artifact id: '19f2aaf1cbcca767c3c0cc4cea201146') in 0.006241 seconds
  Import took 0.008469 seconds .

========================================================================
Received Import Request.
  Time since last request: 2.319076 seconds.
  path: Assets/Scenes/SampleScene.unity
  artifactKey: Guid(9fc0d4010bbf28b4594072e72b8655ab) Importer(815301076,1909f56bfc062723c751e8b465ee728b)
Start importing Assets/Scenes/SampleScene.unity using Guid(9fc0d4010bbf28b4594072e72b8655ab) Importer(815301076,1909f56bfc062723c751e8b465ee728b)  -> (artifact id: '5aed9d41ddad9c01581d04c3e6bc1d3a') in 0.007260 seconds
  Import took 0.009551 seconds .

AssetImportWorkerClient::OnTransportError - code=2 error=End of file
