Using pre-set license
Built from '2020.3/staging' branch; Version is '2020.3.4f1 (0abb6314276a) revision 703331'; Using compiler version '192528614'; Build Type 'Release'
OS: 'Windows 10 Home; OS build 19041.928; Version 2004; 64bit' Language: 'nl' Physical Memory: 8034 MB
BatchMode: 1, IsHumanControllingUs: 0, StartBugReporterOnCrash: 0, Is64bit: 1, IsPro: 0

 COMMAND LINE ARGUMENTS:
C:\Program Files\Unity\Hub\Editor\2020.3.4f1\Editor\Unity.exe
-adb2
-batchMode
-noUpm
-name
AssetImportWorker0
-projectPath
D:/Thomas/AP/tweede_jaar/3DGameProgramming/Project/3D_GameProgramming_Project/trying
-logFile
Logs/AssetImportWorker0.log
-srvPort
60693
Successfully changed project path to: D:/Thomas/AP/tweede_jaar/3DGameProgramming/Project/3D_GameProgramming_Project/trying
D:/Thomas/AP/tweede_jaar/3DGameProgramming/Project/3D_GameProgramming_Project/trying
Using Asset Import Pipeline V2.
Refreshing native plugins compatible for Editor in 26.24 ms, found 0 plugins.
Preloading 0 native plugins for Editor in 0.00 ms.
Initialize engine version: 2020.3.4f1 (0abb6314276a)
[Subsystems] Discovering subsystems at path C:/Program Files/Unity/Hub/Editor/2020.3.4f1/Editor/Data/Resources/UnitySubsystems
[Subsystems] Discovering subsystems at path D:/Thomas/AP/tweede_jaar/3DGameProgramming/Project/3D_GameProgramming_Project/trying/Assets
GfxDevice: creating device client; threaded=0
Direct3D:
    Version:  Direct3D 11.0 [level 11.1]
    Renderer: NVIDIA GeForce GTX 1050 (ID=0x1c91)
    Vendor:   
    VRAM:     2996 MB
    Driver:   27.21.14.5167
Initialize mono
Mono path[0] = 'C:/Program Files/Unity/Hub/Editor/2020.3.4f1/Editor/Data/Managed'
Mono path[1] = 'C:/Program Files/Unity/Hub/Editor/2020.3.4f1/Editor/Data/MonoBleedingEdge/lib/mono/unityjit'
Mono config path = 'C:/Program Files/Unity/Hub/Editor/2020.3.4f1/Editor/Data/MonoBleedingEdge/etc'
Using monoOptions --debugger-agent=transport=dt_socket,embedding=1,server=y,suspend=n,address=127.0.0.1:56204
Begin MonoManager ReloadAssembly
Registering precompiled unity dll's ...
Register platform support module: C:/Program Files/Unity/Hub/Editor/2020.3.4f1/Editor/Data/PlaybackEngines/WindowsStandaloneSupport/UnityEditor.WindowsStandalone.Extensions.dll
Registered in 0.002291 seconds.
Native extension for WindowsStandalone target not found
Refreshing native plugins compatible for Editor in 24.86 ms, found 0 plugins.
Preloading 0 native plugins for Editor in 0.00 ms.
Mono: successfully reloaded assembly
- Completed reload, in  1.100 seconds
Platform modules already initialized, skipping
Registering precompiled user dll's ...
Registered in 0.001276 seconds.
Begin MonoManager ReloadAssembly
Native extension for WindowsStandalone target not found
Refreshing native plugins compatible for Editor in 0.22 ms, found 0 plugins.
Preloading 0 native plugins for Editor in 0.00 ms.
Mono: successfully reloaded assembly
- Completed reload, in  0.824 seconds
Platform modules already initialized, skipping
========================================================================
Worker process is ready to serve import requests
Launched and connected shader compiler UnityShaderCompiler.exe after 0.06 seconds
Refreshing native plugins compatible for Editor in 0.29 ms, found 0 plugins.
Preloading 0 native plugins for Editor in 0.00 ms.
Unloading 1118 Unused Serialized files (Serialized files now loaded: 0)
System memory in use before: 58.9 MB.
System memory in use after: 58.9 MB.

Unloading 10 unused Assets to reduce memory usage. Loaded Objects now: 1561.
Total: 1.889200 ms (FindLiveObjects: 0.241300 ms CreateObjectMapping: 0.201100 ms MarkObjects: 1.366200 ms  DeleteObjects: 0.079100 ms)

========================================================================
Received Import Request.
  path: Assets/Scenes
  artifactKey: Guid(ed8ffd497721f5348bc7d5da169026b4) Importer(815301076,1909f56bfc062723c751e8b465ee728b)
Start importing Assets/Scenes using Guid(ed8ffd497721f5348bc7d5da169026b4) Importer(815301076,1909f56bfc062723c751e8b465ee728b)  -> (artifact id: '1e39653d32b9e7c8526acc4523b23db3') in 0.005598 seconds
  Import took 0.007223 seconds .

========================================================================
Received Import Request.
  Time since last request: 2.107400 seconds.
  path: Assets/AlignedGames/Polygonal Foliage Asset Package
  artifactKey: Guid(ebad393bd36170e4ca5882c45d96f25f) Importer(815301076,1909f56bfc062723c751e8b465ee728b)
Start importing Assets/AlignedGames/Polygonal Foliage Asset Package using Guid(ebad393bd36170e4ca5882c45d96f25f) Importer(815301076,1909f56bfc062723c751e8b465ee728b)  -> (artifact id: '943b0e0f63538bd627d85e79e31d4be1') in 0.004149 seconds
  Import took 0.007432 seconds .

========================================================================
Received Import Request.
  Time since last request: 1.795921 seconds.
  path: Assets/AlignedGames/Polygonal Foliage Asset Package/Profiles
  artifactKey: Guid(dfe4300d2b35bbf48a342851306accbd) Importer(815301076,1909f56bfc062723c751e8b465ee728b)
Start importing Assets/AlignedGames/Polygonal Foliage Asset Package/Profiles using Guid(dfe4300d2b35bbf48a342851306accbd) Importer(815301076,1909f56bfc062723c751e8b465ee728b)  -> (artifact id: '3aecc598f251dc5ca7bb3f41096fe270') in 0.003115 seconds
  Import took 0.006054 seconds .

========================================================================
Received Import Request.
  Time since last request: 0.058012 seconds.
  path: Assets/AlignedGames/Polygonal Foliage Asset Package/Profiles/Post-Processing Profile.asset
  artifactKey: Guid(48fecc219078fe649b49dc8d6b5a495d) Importer(815301076,1909f56bfc062723c751e8b465ee728b)
Start importing Assets/AlignedGames/Polygonal Foliage Asset Package/Profiles/Post-Processing Profile.asset using Guid(48fecc219078fe649b49dc8d6b5a495d) Importer(815301076,1909f56bfc062723c751e8b465ee728b)  -> (artifact id: '51f596a3fe06dfc161c67d5a73c696a8') in 0.045380 seconds
  Import took 0.047328 seconds .

========================================================================
Received Import Request.
  Time since last request: 1.901081 seconds.
  path: Assets/AlignedGames/Polygonal Foliage Asset Package/Scenes
  artifactKey: Guid(4f704ae4b4f98ae41a0bce26658850c1) Importer(815301076,1909f56bfc062723c751e8b465ee728b)
Start importing Assets/AlignedGames/Polygonal Foliage Asset Package/Scenes using Guid(4f704ae4b4f98ae41a0bce26658850c1) Importer(815301076,1909f56bfc062723c751e8b465ee728b)  -> (artifact id: '7174581db420ba72334866efbf3f8746') in 0.003482 seconds
  Import took 0.006233 seconds .

========================================================================
Received Import Request.
  Time since last request: 1.176162 seconds.
  path: Assets/AlignedGames/Polygonal Foliage Asset Package/Scenes/Demonstration1.unity
  artifactKey: Guid(99c9720ab356a0642a771bea13969a05) Importer(815301076,1909f56bfc062723c751e8b465ee728b)
Start importing Assets/AlignedGames/Polygonal Foliage Asset Package/Scenes/Demonstration1.unity using Guid(99c9720ab356a0642a771bea13969a05) Importer(815301076,1909f56bfc062723c751e8b465ee728b)  -> (artifact id: '08e27dca3f58f6b58f1eeef2e950edac') in 0.010974 seconds
  Import took 0.013581 seconds .

========================================================================
Received Import Request.
  Time since last request: 7.192967 seconds.
  path: Assets/AlignedGames/Polygonal Foliage Asset Package/Scenes/Demonstration1
  artifactKey: Guid(53da591ef12734e4b87dbb6474e93d94) Importer(815301076,1909f56bfc062723c751e8b465ee728b)
Start importing Assets/AlignedGames/Polygonal Foliage Asset Package/Scenes/Demonstration1 using Guid(53da591ef12734e4b87dbb6474e93d94) Importer(815301076,1909f56bfc062723c751e8b465ee728b)  -> (artifact id: '0069940e54f5e782bbbf744c51e94fa2') in 0.004176 seconds
  Import took 0.006793 seconds .

========================================================================
Received Import Request.
  Time since last request: 0.048443 seconds.
  path: Assets/AlignedGames/Polygonal Foliage Asset Package/Scenes/Demonstration1/LightingData.asset
  artifactKey: Guid(205760118ecf34a4ab86bc7e36a19aa1) Importer(815301076,1909f56bfc062723c751e8b465ee728b)
Start importing Assets/AlignedGames/Polygonal Foliage Asset Package/Scenes/Demonstration1/LightingData.asset using Guid(205760118ecf34a4ab86bc7e36a19aa1) Importer(815301076,1909f56bfc062723c751e8b465ee728b)  -> (artifact id: 'c01d257c8897701148eff3b614a679af') in 0.004082 seconds
  Import took 0.006086 seconds .

========================================================================
Received Import Request.
  Time since last request: 0.000308 seconds.
  path: Assets/AlignedGames/Polygonal Foliage Asset Package/Scenes/Demonstration1/ReflectionProbe-1.exr
  artifactKey: Guid(56fbc552b21c5a249a2d06299e94a18f) Importer(815301076,1909f56bfc062723c751e8b465ee728b)
Start importing Assets/AlignedGames/Polygonal Foliage Asset Package/Scenes/Demonstration1/ReflectionProbe-1.exr using Guid(56fbc552b21c5a249a2d06299e94a18f) Importer(815301076,1909f56bfc062723c751e8b465ee728b)  -> (artifact id: '5ff95fd6b5ac9362758db0351db8da2d') in 0.104567 seconds
  Import took 0.106343 seconds .

========================================================================
Received Import Request.
  Time since last request: 0.000316 seconds.
  path: Assets/AlignedGames/Polygonal Foliage Asset Package/Scenes/Demonstration1/ReflectionProbe-0.exr
  artifactKey: Guid(07b00cf76694fb24f9c2caf79ed5c4c3) Importer(815301076,1909f56bfc062723c751e8b465ee728b)
Start importing Assets/AlignedGames/Polygonal Foliage Asset Package/Scenes/Demonstration1/ReflectionProbe-0.exr using Guid(07b00cf76694fb24f9c2caf79ed5c4c3) Importer(815301076,1909f56bfc062723c751e8b465ee728b)  -> (artifact id: 'a1f0632196b03a6ed709a5ac107a8bc3') in 0.012476 seconds
  Import took 0.014238 seconds .

========================================================================
Received Import Request.
  Time since last request: 49.526062 seconds.
  path: Assets/AlignedGames/Polygonal Foliage Asset Package/Scripts
  artifactKey: Guid(07ef1ea683f79e648ab6fbe3b3ba617d) Importer(815301076,1909f56bfc062723c751e8b465ee728b)
Start importing Assets/AlignedGames/Polygonal Foliage Asset Package/Scripts using Guid(07ef1ea683f79e648ab6fbe3b3ba617d) Importer(815301076,1909f56bfc062723c751e8b465ee728b)  -> (artifact id: 'a1611dcf149de67dc411a480351530e1') in 0.003610 seconds
  Import took 0.006190 seconds .

========================================================================
Received Import Request.
  Time since last request: 0.460477 seconds.
  path: Assets/AlignedGames/Polygonal Foliage Asset Package/Shaders
  artifactKey: Guid(13f798f02f5d8ce49a9feca61e20b3a9) Importer(815301076,1909f56bfc062723c751e8b465ee728b)
Start importing Assets/AlignedGames/Polygonal Foliage Asset Package/Shaders using Guid(13f798f02f5d8ce49a9feca61e20b3a9) Importer(815301076,1909f56bfc062723c751e8b465ee728b)  -> (artifact id: '4f1d80b28faa13da624d701b58fd0606') in 0.004047 seconds
  Import took 0.007324 seconds .

AssetImportWorkerClient::OnTransportError - code=2 error=End of file
